e:\programming\projects\c++\problemsolver\problemsolver\debug\vc141.pdb
e:\programming\projects\c++\problemsolver\problemsolver\debug\vc141.idb
e:\programming\projects\c++\problemsolver\problemsolver\debug\problem.obj
e:\programming\projects\c++\problemsolver\problemsolver\debug\minheap.obj
e:\programming\projects\c++\problemsolver\problemsolver\debug\depthfirstsearchalgorithm.obj
e:\programming\projects\c++\problemsolver\problemsolver\debug\breadthfirstsearchalgorithm.obj
e:\programming\projects\c++\problemsolver\problemsolver\debug\bidirectionalsearchalgorithm.obj
e:\programming\projects\c++\problemsolver\problemsolver\debug\astarsearchalgorithm.obj
e:\programming\projects\c++\problemsolver\problemsolver\debug\action.obj
e:\programming\projects\c++\problemsolver\problemsolver\debug\uniformcostsearchalgorithm.obj
e:\programming\projects\c++\problemsolver\problemsolver\debug\slidingpuzzleproblem.obj
e:\programming\projects\c++\problemsolver\problemsolver\debug\searchnode.obj
e:\programming\projects\c++\problemsolver\problemsolver\debug\searchalgorithm.obj
e:\programming\projects\c++\problemsolver\problemsolver\debug\main.obj
e:\programming\projects\c++\problemsolver\problemsolver\debug\geneticalgorithm.obj
e:\programming\projects\c++\problemsolver\problemsolver\debug\chromosome.obj
e:\programming\projects\c++\problemsolver\problemsolver\debug\samplegenes.obj
e:\programming\projects\c++\problemsolver\problemsolver\debug\samplechromosome.obj
e:\programming\projects\c++\problemsolver\problemsolver\debug\utils.obj
e:\programming\projects\c++\problemsolver\debug\problemsolver.exe
e:\programming\projects\c++\problemsolver\debug\problemsolver.ilk
e:\programming\projects\c++\problemsolver\debug\problemsolver.pdb
e:\programming\projects\c++\problemsolver\problemsolver\debug\problemsolver.tlog\cl.command.1.tlog
e:\programming\projects\c++\problemsolver\problemsolver\debug\problemsolver.tlog\cl.read.1.tlog
e:\programming\projects\c++\problemsolver\problemsolver\debug\problemsolver.tlog\cl.write.1.tlog
e:\programming\projects\c++\problemsolver\problemsolver\debug\problemsolver.tlog\link.command.1.tlog
e:\programming\projects\c++\problemsolver\problemsolver\debug\problemsolver.tlog\link.read.1.tlog
e:\programming\projects\c++\problemsolver\problemsolver\debug\problemsolver.tlog\link.write.1.tlog
